<?xml version="1.0" encoding="UTF-8"?>
<testng-results ignored="0" total="3" passed="3" failed="0" skipped="0">
  <reporter-output>
  </reporter-output>
  <suite started-at="2021-12-07T20:49:08 IST" name="Default suite" finished-at="2021-12-07T20:49:32 IST" duration-ms="24554">
    <groups>
      <group name="cucumber">
        <method signature="AbstractTestNGCucumberTests.runScenario(io.cucumber.testng.PickleWrapper, io.cucumber.testng.FeatureWrapper)[pri:0, instance:com.TestRunner.TestRunnerClass@68c72235]" name="runScenario" class="io.cucumber.testng.AbstractTestNGCucumberTests"/>
      </group> <!-- cucumber -->
    </groups>
    <test started-at="2021-12-07T20:49:08 IST" name="Default test" finished-at="2021-12-07T20:49:32 IST" duration-ms="24554">
      <class name="com.TestRunner.TestRunnerClass">
        <test-method is-config="true" signature="setUpClass()[pri:0, instance:com.TestRunner.TestRunnerClass@68c72235]" started-at="2021-12-07T20:49:08 IST" name="setUpClass" finished-at="2021-12-07T20:49:09 IST" duration-ms="1273" status="PASS">
          <reporter-output>
          </reporter-output>
        </test-method> <!-- setUpClass -->
        <test-method signature="runScenario(io.cucumber.testng.PickleWrapper, io.cucumber.testng.FeatureWrapper)[pri:0, instance:com.TestRunner.TestRunnerClass@68c72235]" started-at="2021-12-07T20:49:09 IST" name="runScenario" description="Runs Cucumber Scenarios" data-provider="scenarios" finished-at="2021-12-07T20:49:20 IST" duration-ms="10621" status="PASS">
          <params>
            <param index="0">
              <value>
                <![CDATA["Test Login Functionality"]]>
              </value>
            </param>
            <param index="1">
              <value>
                <![CDATA["Optional[Test Orange HRM application]"]]>
              </value>
            </param>
          </params>
          <reporter-output>
          </reporter-output>
        </test-method> <!-- runScenario -->
        <test-method signature="runScenario(io.cucumber.testng.PickleWrapper, io.cucumber.testng.FeatureWrapper)[pri:0, instance:com.TestRunner.TestRunnerClass@68c72235]" started-at="2021-12-07T20:49:20 IST" name="runScenario" description="Runs Cucumber Scenarios" data-provider="scenarios" finished-at="2021-12-07T20:49:25 IST" duration-ms="5874" status="PASS">
          <params>
            <param index="0">
              <value>
                <![CDATA["test home Page Functionality"]]>
              </value>
            </param>
            <param index="1">
              <value>
                <![CDATA["Optional[Test Orange HRM application]"]]>
              </value>
            </param>
          </params>
          <reporter-output>
          </reporter-output>
        </test-method> <!-- runScenario -->
        <test-method signature="runScenario(io.cucumber.testng.PickleWrapper, io.cucumber.testng.FeatureWrapper)[pri:0, instance:com.TestRunner.TestRunnerClass@68c72235]" started-at="2021-12-07T20:49:25 IST" name="runScenario" description="Runs Cucumber Scenarios" data-provider="scenarios" finished-at="2021-12-07T20:49:32 IST" duration-ms="6093" status="PASS">
          <params>
            <param index="0">
              <value>
                <![CDATA["Test My Info Page"]]>
              </value>
            </param>
            <param index="1">
              <value>
                <![CDATA["Optional[Test Orange HRM application]"]]>
              </value>
            </param>
          </params>
          <reporter-output>
          </reporter-output>
        </test-method> <!-- runScenario -->
        <test-method is-config="true" signature="tearDownClass()[pri:0, instance:com.TestRunner.TestRunnerClass@68c72235]" started-at="2021-12-07T20:49:32 IST" name="tearDownClass" finished-at="2021-12-07T20:49:32 IST" duration-ms="575" status="PASS">
          <reporter-output>
          </reporter-output>
        </test-method> <!-- tearDownClass -->
      </class> <!-- com.TestRunner.TestRunnerClass -->
    </test> <!-- Default test -->
  </suite> <!-- Default suite -->
</testng-results>
